2026-01-12 02:57:58,122 - INFO - Comparing Using Dynamic Time Warping: Size Arrays 50 Distinct Arrays: False Iterations 32 Using Kendall Tau
2026-01-12 07:12:11,521 - INFO - Key: bubble_sort bubble_sort_reverse MEAN: 0.36070451205919996 VARIANCE: 0.049788635956147284
2026-01-12 07:12:11,521 - INFO - Key: bubble_sort cocktail_shaker MEAN: 0.19495904331184466 VARIANCE: 0.0053975646349902085
2026-01-12 07:12:11,521 - INFO - Key: bubble_sort selection_sort MEAN: 0.22390327187647557 VARIANCE: 0.0027342737418238087
2026-01-12 07:12:11,521 - INFO - Key: bubble_sort quick_sort MEAN: 0.19879651062724346 VARIANCE: 0.005078973121252012
2026-01-12 07:12:11,521 - INFO - Key: bubble_sort heap_sort MEAN: 0.2670686780146593 VARIANCE: 0.007886507711801159
2026-01-12 07:12:11,521 - INFO - Key: bubble_sort insertion_sort MEAN: 0.46336214250602176 VARIANCE: 0.0030509561824031838
2026-01-12 07:12:11,521 - INFO - Key: bubble_sort merge_sort MEAN: 0.3568890450202198 VARIANCE: 0.023835249357313903
2026-01-12 07:12:11,521 - INFO - Key: bubble_sort radix_sort MEAN: 0.22092917194615252 VARIANCE: 0.0019492872320501689
2026-01-12 07:12:11,521 - INFO - Key: bubble_sort_reverse cocktail_shaker MEAN: 0.1939865177581489 VARIANCE: 0.0021995782325240102
2026-01-12 07:12:11,521 - INFO - Key: bubble_sort_reverse selection_sort MEAN: 0.34152899798923375 VARIANCE: 0.012409746368768905
2026-01-12 07:12:11,521 - INFO - Key: bubble_sort_reverse quick_sort MEAN: 0.3504459275017593 VARIANCE: 0.024632843542105896
2026-01-12 07:12:11,521 - INFO - Key: bubble_sort_reverse heap_sort MEAN: 0.4549021091256752 VARIANCE: 0.0024025399443766316
2026-01-12 07:12:11,521 - INFO - Key: bubble_sort_reverse insertion_sort MEAN: 0.49207812893189534 VARIANCE: 0.00377544189752588
2026-01-12 07:12:11,521 - INFO - Key: bubble_sort_reverse merge_sort MEAN: 0.2257299569280358 VARIANCE: 0.00239568223977182
2026-01-12 07:12:11,521 - INFO - Key: bubble_sort_reverse radix_sort MEAN: 0.20638102931324476 VARIANCE: 0.0033283200198901118
2026-01-12 07:12:11,521 - INFO - Key: cocktail_shaker selection_sort MEAN: 0.16110485452989784 VARIANCE: 0.0010712735223439073
2026-01-12 07:12:11,521 - INFO - Key: cocktail_shaker quick_sort MEAN: 0.18904743390062317 VARIANCE: 0.0030131391627802226
2026-01-12 07:12:11,521 - INFO - Key: cocktail_shaker heap_sort MEAN: 0.2749564023058453 VARIANCE: 0.0033723666077051613
2026-01-12 07:12:11,522 - INFO - Key: cocktail_shaker insertion_sort MEAN: 0.33946368775197927 VARIANCE: 0.003212595918879844
2026-01-12 07:12:11,522 - INFO - Key: cocktail_shaker merge_sort MEAN: 0.23121738667756592 VARIANCE: 0.013317800089644937
2026-01-12 07:12:11,522 - INFO - Key: cocktail_shaker radix_sort MEAN: 0.12792682449895526 VARIANCE: 0.0009780645232640905
2026-01-12 07:12:11,522 - INFO - Key: selection_sort quick_sort MEAN: 0.05136800003720328 VARIANCE: 0.0031855257481212527
2026-01-12 07:12:11,522 - INFO - Key: selection_sort heap_sort MEAN: 0.30729731803901167 VARIANCE: 0.0023394467412787795
2026-01-12 07:12:11,522 - INFO - Key: selection_sort insertion_sort MEAN: 0.07719254756847975 VARIANCE: 0.003545702398596955
2026-01-12 07:12:11,522 - INFO - Key: selection_sort merge_sort MEAN: 0.127833408616433 VARIANCE: 0.0033090772434245064
2026-01-12 07:12:11,522 - INFO - Key: selection_sort radix_sort MEAN: 0.1165190740470748 VARIANCE: 0.0004412974034698479
2026-01-12 07:12:11,522 - INFO - Key: quick_sort heap_sort MEAN: 0.20934562760734782 VARIANCE: 0.00557640195592164
2026-01-12 07:12:11,522 - INFO - Key: quick_sort insertion_sort MEAN: 0.0881039495561369 VARIANCE: 0.003225015762130864
2026-01-12 07:12:11,522 - INFO - Key: quick_sort merge_sort MEAN: 0.17568741073743 VARIANCE: 0.006871401385477601
2026-01-12 07:12:11,522 - INFO - Key: quick_sort radix_sort MEAN: 0.09771250389092478 VARIANCE: 0.0013040751932246574
2026-01-12 07:12:11,522 - INFO - Key: heap_sort insertion_sort MEAN: 0.16514900083637732 VARIANCE: 0.0011233222214369403
2026-01-12 07:12:11,522 - INFO - Key: heap_sort merge_sort MEAN: 0.20537760873192548 VARIANCE: 0.00217938910022745
2026-01-12 07:12:11,522 - INFO - Key: heap_sort radix_sort MEAN: 0.18499985278951858 VARIANCE: 0.00025414455869057664
2026-01-12 07:12:11,522 - INFO - Key: insertion_sort merge_sort MEAN: 0.14270352549498408 VARIANCE: 0.006016168374083534
2026-01-12 07:12:11,522 - INFO - Key: insertion_sort radix_sort MEAN: 0.0867183707629259 VARIANCE: 0.00041301146622220865
2026-01-12 07:12:11,522 - INFO - Key: merge_sort radix_sort MEAN: 0.13019424665351756 VARIANCE: 0.0008136601846214539
2026-01-12 07:12:11,522 - INFO - Mean Variance: 0.006011902215119206
