2026-01-11 17:56:40,920 - INFO - Comparing Using Dynamic Time Warping: Size Arrays 50 Distinct Arrays: False Iterations 32 Using Spearman Rank
2026-01-12 01:36:01,054 - INFO - Key: bubble_sort bubble_sort_reverse MEAN: 0.15928781588681987 VARIANCE: 0.010750241478829518
2026-01-12 01:36:01,061 - INFO - Key: bubble_sort cocktail_shaker MEAN: 0.16353657199499835 VARIANCE: 0.005044948507931594
2026-01-12 01:36:01,061 - INFO - Key: bubble_sort selection_sort MEAN: 0.1661595113485303 VARIANCE: 0.0032308205350188484
2026-01-12 01:36:01,061 - INFO - Key: bubble_sort quick_sort MEAN: 0.2451118916861687 VARIANCE: 0.012785467362620866
2026-01-12 01:36:01,061 - INFO - Key: bubble_sort heap_sort MEAN: 0.19884301860785314 VARIANCE: 0.004146848337669213
2026-01-12 01:36:01,061 - INFO - Key: bubble_sort insertion_sort MEAN: 0.41277688449967753 VARIANCE: 0.0035061850560658414
2026-01-12 01:36:01,061 - INFO - Key: bubble_sort merge_sort MEAN: 0.22860310338157805 VARIANCE: 0.005077452586364358
2026-01-12 01:36:01,061 - INFO - Key: bubble_sort radix_sort MEAN: 0.20614852374467396 VARIANCE: 0.0015168526528987762
2026-01-12 01:36:01,061 - INFO - Key: bubble_sort_reverse cocktail_shaker MEAN: 0.18045461196634818 VARIANCE: 0.004942891833280099
2026-01-12 01:36:01,061 - INFO - Key: bubble_sort_reverse selection_sort MEAN: 0.37502077265439926 VARIANCE: 0.01264126560204995
2026-01-12 01:36:01,061 - INFO - Key: bubble_sort_reverse quick_sort MEAN: 0.3515367738333893 VARIANCE: 0.014426188345645567
2026-01-12 01:36:01,061 - INFO - Key: bubble_sort_reverse heap_sort MEAN: 0.3661312430118949 VARIANCE: 0.0019167148311881295
2026-01-12 01:36:01,061 - INFO - Key: bubble_sort_reverse insertion_sort MEAN: 0.4363914365034487 VARIANCE: 0.006479813385721162
2026-01-12 01:36:01,061 - INFO - Key: bubble_sort_reverse merge_sort MEAN: 0.20378728335284169 VARIANCE: 0.0012121611448497405
2026-01-12 01:36:01,061 - INFO - Key: bubble_sort_reverse radix_sort MEAN: 0.20926859747439336 VARIANCE: 0.0018497610351258242
2026-01-12 01:36:01,061 - INFO - Key: cocktail_shaker selection_sort MEAN: 0.18785921256476282 VARIANCE: 0.0029980075486211472
2026-01-12 01:36:01,061 - INFO - Key: cocktail_shaker quick_sort MEAN: 0.19975234988911406 VARIANCE: 0.0038168813192427506
2026-01-12 01:36:01,061 - INFO - Key: cocktail_shaker heap_sort MEAN: 0.22207889609533327 VARIANCE: 0.0014641902016473045
2026-01-12 01:36:01,062 - INFO - Key: cocktail_shaker insertion_sort MEAN: 0.3052735926821203 VARIANCE: 0.0031953339866104963
2026-01-12 01:36:01,062 - INFO - Key: cocktail_shaker merge_sort MEAN: 0.20766743426210274 VARIANCE: 0.005847195141229122
2026-01-12 01:36:01,062 - INFO - Key: cocktail_shaker radix_sort MEAN: 0.11405177023128636 VARIANCE: 0.000494015996636583
2026-01-12 01:36:01,062 - INFO - Key: selection_sort quick_sort MEAN: 0.0389945885772284 VARIANCE: 0.0008993408074377809
2026-01-12 01:36:01,062 - INFO - Key: selection_sort heap_sort MEAN: 0.26829404089224085 VARIANCE: 0.004872449977727348
2026-01-12 01:36:01,062 - INFO - Key: selection_sort insertion_sort MEAN: 0.07489064821235003 VARIANCE: 0.0034527738200795174
2026-01-12 01:36:01,062 - INFO - Key: selection_sort merge_sort MEAN: 0.13670684483948747 VARIANCE: 0.0036170959766698894
2026-01-12 01:36:01,062 - INFO - Key: selection_sort radix_sort MEAN: 0.1369503221413041 VARIANCE: 0.0010209769934441503
2026-01-12 01:36:01,062 - INFO - Key: quick_sort heap_sort MEAN: 0.1663564821616985 VARIANCE: 0.002765407655102311
2026-01-12 01:36:01,062 - INFO - Key: quick_sort insertion_sort MEAN: 0.04637596463709095 VARIANCE: 0.0016602188594496425
2026-01-12 01:36:01,062 - INFO - Key: quick_sort merge_sort MEAN: 0.14754231486022257 VARIANCE: 0.003672174589362296
2026-01-12 01:36:01,062 - INFO - Key: quick_sort radix_sort MEAN: 0.11307704468945073 VARIANCE: 0.0017280936268815306
2026-01-12 01:36:01,062 - INFO - Key: heap_sort insertion_sort MEAN: 0.17212214373239143 VARIANCE: 0.0020133918230639575
2026-01-12 01:36:01,062 - INFO - Key: heap_sort merge_sort MEAN: 0.1987206002885087 VARIANCE: 0.0018643311468171425
2026-01-12 01:36:01,062 - INFO - Key: heap_sort radix_sort MEAN: 0.16201470003493945 VARIANCE: 0.000359039782697054
2026-01-12 01:36:01,062 - INFO - Key: insertion_sort merge_sort MEAN: 0.15298869788688452 VARIANCE: 0.004402531001949548
2026-01-12 01:36:01,062 - INFO - Key: insertion_sort radix_sort MEAN: 0.09488669917997501 VARIANCE: 0.0006099470103554675
2026-01-12 01:36:01,062 - INFO - Key: merge_sort radix_sort MEAN: 0.14233629390859948 VARIANCE: 0.0005712403312134396
2026-01-12 01:36:01,062 - INFO - Mean Variance: 0.0039125625080971655
