2026-01-12 01:36:01,377 - INFO - Comparing Using Linear Sum Assignment: Size Arrays 50 Distinct Arrays: False Iterations 32 Using Kendall Tau
2026-01-12 02:57:57,807 - INFO - Key: bubble_sort bubble_sort_reverse MEAN: 0.14947866918625985 VARIANCE: 0.0004684177650084242
2026-01-12 02:57:57,807 - INFO - Key: bubble_sort cocktail_shaker MEAN: 0.1716771437338841 VARIANCE: 0.0007903855903419906
2026-01-12 02:57:57,807 - INFO - Key: bubble_sort selection_sort MEAN: 0.07643598491103586 VARIANCE: 0.00030206054556803947
2026-01-12 02:57:57,807 - INFO - Key: bubble_sort quick_sort MEAN: 0.06523530515851815 VARIANCE: 0.0012874270533031217
2026-01-12 02:57:57,807 - INFO - Key: bubble_sort heap_sort MEAN: 0.20421735255067147 VARIANCE: 0.0005296769873354623
2026-01-12 02:57:57,807 - INFO - Key: bubble_sort insertion_sort MEAN: 0.24862459475447174 VARIANCE: 0.0023793780739401445
2026-01-12 02:57:57,807 - INFO - Key: bubble_sort merge_sort MEAN: 0.19827155446603523 VARIANCE: 0.0008794303017214361
2026-01-12 02:57:57,807 - INFO - Key: bubble_sort radix_sort MEAN: 0.0521673153478364 VARIANCE: 0.00021377593232078387
2026-01-12 02:57:57,807 - INFO - Key: bubble_sort_reverse cocktail_shaker MEAN: 0.17760437573330293 VARIANCE: 0.001014565364601019
2026-01-12 02:57:57,807 - INFO - Key: bubble_sort_reverse selection_sort MEAN: 0.0533548565144778 VARIANCE: 0.00018077474413505932
2026-01-12 02:57:57,808 - INFO - Key: bubble_sort_reverse quick_sort MEAN: 0.07080464721002187 VARIANCE: 0.0014747542671022839
2026-01-12 02:57:57,808 - INFO - Key: bubble_sort_reverse heap_sort MEAN: 0.2331622481300643 VARIANCE: 0.0005415059868206965
2026-01-12 02:57:57,808 - INFO - Key: bubble_sort_reverse insertion_sort MEAN: 0.2251018812298998 VARIANCE: 0.0021798582701542213
2026-01-12 02:57:57,808 - INFO - Key: bubble_sort_reverse merge_sort MEAN: 0.18478718802246913 VARIANCE: 0.001386201406530725
2026-01-12 02:57:57,808 - INFO - Key: bubble_sort_reverse radix_sort MEAN: 0.1431889898837878 VARIANCE: 0.00122330099279778
2026-01-12 02:57:57,808 - INFO - Key: cocktail_shaker selection_sort MEAN: 0.027087854484843816 VARIANCE: 8.386865837856775e-05
2026-01-12 02:57:57,808 - INFO - Key: cocktail_shaker quick_sort MEAN: 0.0420099129850252 VARIANCE: 0.00018688944820527062
2026-01-12 02:57:57,808 - INFO - Key: cocktail_shaker heap_sort MEAN: 0.18882855415527355 VARIANCE: 0.0005677684578963766
2026-01-12 02:57:57,808 - INFO - Key: cocktail_shaker insertion_sort MEAN: 0.13809551873810227 VARIANCE: 0.0005684929474128273
2026-01-12 02:57:57,808 - INFO - Key: cocktail_shaker merge_sort MEAN: 0.13091386089267348 VARIANCE: 0.0006401166576450331
2026-01-12 02:57:57,808 - INFO - Key: cocktail_shaker radix_sort MEAN: 0.043206249471697225 VARIANCE: 0.0004568986805652079
2026-01-12 02:57:57,808 - INFO - Key: selection_sort quick_sort MEAN: 0.04030406512753148 VARIANCE: 0.0007684910996758056
2026-01-12 02:57:57,808 - INFO - Key: selection_sort heap_sort MEAN: 0.06515249893520646 VARIANCE: 0.00035105909835106614
2026-01-12 02:57:57,808 - INFO - Key: selection_sort insertion_sort MEAN: 0.04606416911643634 VARIANCE: 0.00019563745930536606
2026-01-12 02:57:57,808 - INFO - Key: selection_sort merge_sort MEAN: 0.05411580604596514 VARIANCE: 0.00015981283867124837
2026-01-12 02:57:57,808 - INFO - Key: selection_sort radix_sort MEAN: 0.10147291305464148 VARIANCE: 0.0008491655383824688
2026-01-12 02:57:57,808 - INFO - Key: quick_sort heap_sort MEAN: 0.11719411304855278 VARIANCE: 0.0024924984292648443
2026-01-12 02:57:57,808 - INFO - Key: quick_sort insertion_sort MEAN: 0.03850826741195124 VARIANCE: 0.0005406934924338892
2026-01-12 02:57:57,808 - INFO - Key: quick_sort merge_sort MEAN: 0.05623142128622379 VARIANCE: 0.000981560396730479
2026-01-12 02:57:57,808 - INFO - Key: quick_sort radix_sort MEAN: 0.0700416865132958 VARIANCE: 0.0017938048214759137
2026-01-12 02:57:57,808 - INFO - Key: heap_sort insertion_sort MEAN: 0.2075496683617386 VARIANCE: 0.0003642450012378593
2026-01-12 02:57:57,808 - INFO - Key: heap_sort merge_sort MEAN: 0.1974248718852089 VARIANCE: 0.001086573927566132
2026-01-12 02:57:57,808 - INFO - Key: heap_sort radix_sort MEAN: 0.05844846534906084 VARIANCE: 0.0003530908534689905
2026-01-12 02:57:57,808 - INFO - Key: insertion_sort merge_sort MEAN: 0.15790838117869058 VARIANCE: 0.0016300356017185306
2026-01-12 02:57:57,808 - INFO - Key: insertion_sort radix_sort MEAN: 0.0676463130494299 VARIANCE: 0.000927150476578424
2026-01-12 02:57:57,808 - INFO - Key: merge_sort radix_sort MEAN: 0.05672830850596039 VARIANCE: 0.0007510509983662611
2026-01-12 02:57:57,808 - INFO - Mean Variance: 0.0008500116156947708
