2026-01-11 15:46:00,832 - INFO - Comparing Using Linear Sum Assignment: Size Arrays 50 Distinct Arrays: False Iterations 32 Using Spearman Rank
2026-01-11 17:56:40,588 - INFO - Key: bubble_sort bubble_sort_reverse MEAN: 0.12957079082194667 VARIANCE: 0.00033155155355884104
2026-01-11 17:56:40,588 - INFO - Key: bubble_sort cocktail_shaker MEAN: 0.14048167709082435 VARIANCE: 0.0008616961074973689
2026-01-11 17:56:40,588 - INFO - Key: bubble_sort selection_sort MEAN: 0.059771528565535706 VARIANCE: 0.00021770928056678827
2026-01-11 17:56:40,588 - INFO - Key: bubble_sort quick_sort MEAN: 0.040796018441341585 VARIANCE: 0.0005971912861751452
2026-01-11 17:56:40,588 - INFO - Key: bubble_sort heap_sort MEAN: 0.1617325736488387 VARIANCE: 0.00014905846488294907
2026-01-11 17:56:40,589 - INFO - Key: bubble_sort insertion_sort MEAN: 0.22158791798074834 VARIANCE: 0.0037601305938383773
2026-01-11 17:56:40,589 - INFO - Key: bubble_sort merge_sort MEAN: 0.18001319448713654 VARIANCE: 0.0014391564094253305
2026-01-11 17:56:40,589 - INFO - Key: bubble_sort radix_sort MEAN: 0.05139990051986436 VARIANCE: 0.0003253938229829083
2026-01-11 17:56:40,589 - INFO - Key: bubble_sort_reverse cocktail_shaker MEAN: 0.14989391248873174 VARIANCE: 0.0011652790053461564
2026-01-11 17:56:40,589 - INFO - Key: bubble_sort_reverse selection_sort MEAN: 0.04220807003771151 VARIANCE: 0.00016177861179295848
2026-01-11 17:56:40,589 - INFO - Key: bubble_sort_reverse quick_sort MEAN: 0.05739704964253641 VARIANCE: 0.0011346233949467474
2026-01-11 17:56:40,589 - INFO - Key: bubble_sort_reverse heap_sort MEAN: 0.18738828064707097 VARIANCE: 0.0003391117000463156
2026-01-11 17:56:40,589 - INFO - Key: bubble_sort_reverse insertion_sort MEAN: 0.20859631236199128 VARIANCE: 0.0022414163620216145
2026-01-11 17:56:40,589 - INFO - Key: bubble_sort_reverse merge_sort MEAN: 0.17630132639572033 VARIANCE: 0.0015731247121571112
2026-01-11 17:56:40,589 - INFO - Key: bubble_sort_reverse radix_sort MEAN: 0.10017271210450036 VARIANCE: 0.0011893092360148263
2026-01-11 17:56:40,589 - INFO - Key: cocktail_shaker selection_sort MEAN: 0.01813535478418613 VARIANCE: 2.9715509685251482e-05
2026-01-11 17:56:40,589 - INFO - Key: cocktail_shaker quick_sort MEAN: 0.02860442439503503 VARIANCE: 0.000212229248551482
2026-01-11 17:56:40,589 - INFO - Key: cocktail_shaker heap_sort MEAN: 0.16126877438725967 VARIANCE: 0.0004049090338497725
2026-01-11 17:56:40,589 - INFO - Key: cocktail_shaker insertion_sort MEAN: 0.1321740264394384 VARIANCE: 0.0010833222250709706
2026-01-11 17:56:40,589 - INFO - Key: cocktail_shaker merge_sort MEAN: 0.12021201470030654 VARIANCE: 0.0007735753019449722
2026-01-11 17:56:40,589 - INFO - Key: cocktail_shaker radix_sort MEAN: 0.03809100339219072 VARIANCE: 0.0003844209670435894
2026-01-11 17:56:40,589 - INFO - Key: selection_sort quick_sort MEAN: 0.04175481363340974 VARIANCE: 0.0005221355248258466
2026-01-11 17:56:40,589 - INFO - Key: selection_sort heap_sort MEAN: 0.0689220117503776 VARIANCE: 0.0004200954114699775
2026-01-11 17:56:40,589 - INFO - Key: selection_sort insertion_sort MEAN: 0.04398958793437907 VARIANCE: 0.0003124681946344647
2026-01-11 17:56:40,589 - INFO - Key: selection_sort merge_sort MEAN: 0.04744549798465775 VARIANCE: 0.00023804817769919193
2026-01-11 17:56:40,589 - INFO - Key: selection_sort radix_sort MEAN: 0.0917686285748461 VARIANCE: 0.0007777712239899999
2026-01-11 17:56:40,589 - INFO - Key: quick_sort heap_sort MEAN: 0.09606696248113462 VARIANCE: 0.0013353189503505316
2026-01-11 17:56:40,589 - INFO - Key: quick_sort insertion_sort MEAN: 0.03788552189419628 VARIANCE: 0.0010968026598747252
2026-01-11 17:56:40,589 - INFO - Key: quick_sort merge_sort MEAN: 0.03601717266316433 VARIANCE: 0.0007449117903424621
2026-01-11 17:56:40,589 - INFO - Key: quick_sort radix_sort MEAN: 0.0612192138431126 VARIANCE: 0.0014547536271553307
2026-01-11 17:56:40,589 - INFO - Key: heap_sort insertion_sort MEAN: 0.18702393906501147 VARIANCE: 0.00030544157207169854
2026-01-11 17:56:40,589 - INFO - Key: heap_sort merge_sort MEAN: 0.15509536168901122 VARIANCE: 0.000850089767367699
2026-01-11 17:56:40,589 - INFO - Key: heap_sort radix_sort MEAN: 0.05120797656694238 VARIANCE: 0.00033749486690881533
2026-01-11 17:56:40,590 - INFO - Key: insertion_sort merge_sort MEAN: 0.14798791241308884 VARIANCE: 0.003261445640254089
2026-01-11 17:56:40,590 - INFO - Key: insertion_sort radix_sort MEAN: 0.054342876765430995 VARIANCE: 0.000868909881237767
2026-01-11 17:56:40,590 - INFO - Key: merge_sort radix_sort MEAN: 0.04576796210267095 VARIANCE: 0.0007121936450184528
2026-01-11 17:56:40,590 - INFO - Mean Variance: 0.0008781273266833482
